<?xml version="1.0" encoding="UTF-8"?>
<!-- Generated by org.testng.reporters.JUnitXMLReporter -->
<testsuite ignored="0" hostname="SAANVIPC" failures="0" tests="5" name="Car Loan" time="0.025" errors="0" timestamp="2023-02-02T13:50:18 EST">
  <testcase classname="Test.day3" name="APIMobileLoginAPIcarLoan" time="0.003"/>
  <testcase classname="Test.day3" name="MobileLogincreation" time="0.002"/>
  <testcase classname="Test.day3" name="MobileLogincreationIn" time="0.001"/>
  <testcase classname="Test.day3" name="MobileLogincreationrr" time="0.003"/>
  <testcase classname="Test.day3" name="WebloginLoan" time="0.001"/>
</testsuite> <!-- Car Loan -->
