<?xml version="1.0" encoding="UTF-8"?>
<!-- Generated by org.testng.reporters.JUnitXMLReporter -->
<testsuite ignored="1" hostname="SAANVIPC" failures="0" tests="6" name="Personal loan" time="0.083" errors="0" timestamp="2023-02-02T13:50:18 EST">
  <testcase classname="Test.Day" name="Demo" time="0.007"/>
  <testcase classname="Test.day2" name="Demo" time="0.001"/>
  <testcase classname="Test.day2" name="SecondTest" time="0.001"/>
  <testcase classname="Test.day4" name="LoginAPIcarLoan" time="0.003"/>
  <testcase classname="Test.day4" name="MobileLogincreation" time="0.004"/>
  <testcase classname="Test.day4" name="WebloginLoan" time="0.005"/>
  <testcase classname="Test.Day" name="SecondTest" time="0.0">
    <ignored/>
  </testcase> <!-- SecondTest -->
</testsuite> <!-- Personal loan -->
